[2015-09-16 12:16:34]: INFO D:\Documents\Program\PythonApplication\qq\jsonapi_httpsrv\qqclient.py 321 
 	{u'retcode': 102, u'errmsg': u''}

[2015-09-16 12:17:34]: INFO D:\Documents\Program\PythonApplication\qq\jsonapi_httpsrv\qqclient.py 321 
 	{u'retcode': 102, u'errmsg': u''}

[2015-09-16 12:18:34]: INFO D:\Documents\Program\PythonApplication\qq\jsonapi_httpsrv\qqclient.py 321 
 	{u'retcode': 102, u'errmsg': u''}

[2015-09-16 12:19:34]: INFO D:\Documents\Program\PythonApplication\qq\jsonapi_httpsrv\qqclient.py 321 
 	{u'retcode': 102, u'errmsg': u''}

[2015-09-16 12:20:34]: INFO D:\Documents\Program\PythonApplication\qq\jsonapi_httpsrv\qqclient.py 321 
 	{u'retcode': 102, u'errmsg': u''}

[2015-09-16 12:21:34]: INFO D:\Documents\Program\PythonApplication\qq\jsonapi_httpsrv\qqclient.py 321 
 	{u'retcode': 102, u'errmsg': u''}

[2015-09-16 12:21:55]: INFO D:\Documents\Program\PythonApplication\qq\jsonapi_httpsrv\qqclient.py 321 
 	{u'retcode': 0, u'result': [{u'poll_type': u'buddies_status_change', u'value': {u'status': u'away', u'client_type': 1, u'uin': 1455315074}}]}

[2015-09-16 12:22:55]: INFO D:\Documents\Program\PythonApplication\qq\jsonapi_httpsrv\qqclient.py 321 
 	{u'retcode': 102, u'errmsg': u''}

[2015-09-16 12:23:16]: INFO D:\Documents\Program\PythonApplication\qq\jsonapi_httpsrv\qqclient.py 321 
 	{u'retcode': 0, u'result': [{u'poll_type': u'buddies_status_change', u'value': {u'status': u'online', u'client_type': 1, u'uin': 1455315074}}]}

[2015-09-16 12:23:16]: INFO D:\Documents\Program\PythonApplication\qq\jsonapi_httpsrv\qqclient.py 321 
 	{u'retcode': 0, u'result': [{u'poll_type': u'buddies_status_change', u'value': {u'status': u'online', u'client_type': 1, u'uin': 3003723116L}}]}

[2015-09-16 12:24:16]: INFO D:\Documents\Program\PythonApplication\qq\jsonapi_httpsrv\qqclient.py 321 
 	{u'retcode': 102, u'errmsg': u''}

[2015-09-16 12:25:16]: INFO D:\Documents\Program\PythonApplication\qq\jsonapi_httpsrv\qqclient.py 321 
 	{u'retcode': 102, u'errmsg': u''}

[2015-09-16 12:26:16]: INFO D:\Documents\Program\PythonApplication\qq\jsonapi_httpsrv\qqclient.py 321 
 	{u'retcode': 102, u'errmsg': u''}

[2015-09-16 12:27:16]: INFO D:\Documents\Program\PythonApplication\qq\jsonapi_httpsrv\qqclient.py 321 
 	{u'retcode': 102, u'errmsg': u''}

[2015-09-16 12:28:16]: INFO D:\Documents\Program\PythonApplication\qq\jsonapi_httpsrv\qqclient.py 321 
 	{u'retcode': 102, u'errmsg': u''}

[2015-09-16 12:29:16]: INFO D:\Documents\Program\PythonApplication\qq\jsonapi_httpsrv\qqclient.py 321 
 	{u'retcode': 102, u'errmsg': u''}

[2015-09-16 12:30:17]: INFO D:\Documents\Program\PythonApplication\qq\jsonapi_httpsrv\qqclient.py 321 
 	{u'retcode': 102, u'errmsg': u''}

[2015-09-16 12:31:17]: INFO D:\Documents\Program\PythonApplication\qq\jsonapi_httpsrv\qqclient.py 321 
 	{u'retcode': 102, u'errmsg': u''}

[2015-09-16 12:32:17]: INFO D:\Documents\Program\PythonApplication\qq\jsonapi_httpsrv\qqclient.py 321 
 	{u'retcode': 102, u'errmsg': u''}

[2015-09-16 12:33:17]: INFO D:\Documents\Program\PythonApplication\qq\jsonapi_httpsrv\qqclient.py 321 
 	{u'retcode': 102, u'errmsg': u''}

[2015-09-16 12:34:17]: INFO D:\Documents\Program\PythonApplication\qq\jsonapi_httpsrv\qqclient.py 321 
 	{u'retcode': 102, u'errmsg': u''}

[2015-09-16 12:35:17]: INFO D:\Documents\Program\PythonApplication\qq\jsonapi_httpsrv\qqclient.py 321 
 	{u'retcode': 102, u'errmsg': u''}

[2015-09-16 12:36:17]: INFO D:\Documents\Program\PythonApplication\qq\jsonapi_httpsrv\qqclient.py 321 
 	{u'retcode': 102, u'errmsg': u''}

[2015-09-16 12:36:17]: INFO D:\Documents\Program\PythonApplication\qq\jsonapi_httpsrv\qqclient.py 321 
 	{u'p': u'2819fb8a93540a6a12dc65e6408ed5796b1c0072ba56f98f', u'retcode': 116}

[2015-09-16 12:37:17]: INFO D:\Documents\Program\PythonApplication\qq\jsonapi_httpsrv\qqclient.py 321 
 	{u'retcode': 102, u'errmsg': u''}

[2015-09-16 12:38:17]: INFO D:\Documents\Program\PythonApplication\qq\jsonapi_httpsrv\qqclient.py 321 
 	{u'retcode': 102, u'errmsg': u''}

[2015-09-16 12:39:18]: INFO D:\Documents\Program\PythonApplication\qq\jsonapi_httpsrv\qqclient.py 321 
 	{u'retcode': 102, u'errmsg': u''}

[2015-09-16 12:40:18]: INFO D:\Documents\Program\PythonApplication\qq\jsonapi_httpsrv\qqclient.py 321 
 	{u'retcode': 102, u'errmsg': u''}

[2015-09-16 12:41:18]: INFO D:\Documents\Program\PythonApplication\qq\jsonapi_httpsrv\qqclient.py 321 
 	{u'retcode': 102, u'errmsg': u''}

[2015-09-16 12:42:18]: INFO D:\Documents\Program\PythonApplication\qq\jsonapi_httpsrv\qqclient.py 321 
 	{u'retcode': 102, u'errmsg': u''}

[2015-09-16 12:43:18]: INFO D:\Documents\Program\PythonApplication\qq\jsonapi_httpsrv\qqclient.py 321 
 	{u'retcode': 102, u'errmsg': u''}

[2015-09-16 12:44:18]: INFO D:\Documents\Program\PythonApplication\qq\jsonapi_httpsrv\qqclient.py 321 
 	{u'retcode': 102, u'errmsg': u''}

[2015-09-16 12:45:18]: INFO D:\Documents\Program\PythonApplication\qq\jsonapi_httpsrv\qqclient.py 321 
 	{u'retcode': 102, u'errmsg': u''}

[2015-09-16 12:46:18]: INFO D:\Documents\Program\PythonApplication\qq\jsonapi_httpsrv\qqclient.py 321 
 	{u'retcode': 102, u'errmsg': u''}

[2015-09-16 12:47:18]: INFO D:\Documents\Program\PythonApplication\qq\jsonapi_httpsrv\qqclient.py 321 
 	{u'retcode': 102, u'errmsg': u''}

[2015-09-16 12:48:19]: INFO D:\Documents\Program\PythonApplication\qq\jsonapi_httpsrv\qqclient.py 321 
 	{u'retcode': 102, u'errmsg': u''}

[2015-09-16 12:49:19]: INFO D:\Documents\Program\PythonApplication\qq\jsonapi_httpsrv\qqclient.py 321 
 	{u'retcode': 102, u'errmsg': u''}

[2015-09-16 12:50:19]: INFO D:\Documents\Program\PythonApplication\qq\jsonapi_httpsrv\qqclient.py 321 
 	{u'retcode': 102, u'errmsg': u''}

[2015-09-16 12:51:19]: INFO D:\Documents\Program\PythonApplication\qq\jsonapi_httpsrv\qqclient.py 321 
 	{u'retcode': 102, u'errmsg': u''}

[2015-09-16 12:52:19]: INFO D:\Documents\Program\PythonApplication\qq\jsonapi_httpsrv\qqclient.py 321 
 	{u'retcode': 102, u'errmsg': u''}

[2015-09-16 12:53:19]: INFO D:\Documents\Program\PythonApplication\qq\jsonapi_httpsrv\qqclient.py 321 
 	{u'retcode': 102, u'errmsg': u''}

[2015-09-16 12:54:19]: INFO D:\Documents\Program\PythonApplication\qq\jsonapi_httpsrv\qqclient.py 321 
 	{u'retcode': 102, u'errmsg': u''}

[2015-09-16 12:55:19]: INFO D:\Documents\Program\PythonApplication\qq\jsonapi_httpsrv\qqclient.py 321 
 	{u'retcode': 102, u'errmsg': u''}

[2015-09-16 12:56:19]: INFO D:\Documents\Program\PythonApplication\qq\jsonapi_httpsrv\qqclient.py 321 
 	{u'retcode': 102, u'errmsg': u''}

[2015-09-16 12:56:19]: INFO D:\Documents\Program\PythonApplication\qq\jsonapi_httpsrv\qqclient.py 321 
 	{u'p': u'6d1471a7186bab9f4c8c6c732334dcf65ac0970fbff6d448', u'retcode': 116}

[2015-09-16 12:57:20]: INFO D:\Documents\Program\PythonApplication\qq\jsonapi_httpsrv\qqclient.py 321 
 	{u'retcode': 102, u'errmsg': u''}

[2015-09-16 12:58:20]: INFO D:\Documents\Program\PythonApplication\qq\jsonapi_httpsrv\qqclient.py 321 
 	{u'retcode': 102, u'errmsg': u''}

[2015-09-16 12:59:20]: INFO D:\Documents\Program\PythonApplication\qq\jsonapi_httpsrv\qqclient.py 321 
 	{u'retcode': 102, u'errmsg': u''}

[2015-09-16 13:00:20]: INFO D:\Documents\Program\PythonApplication\qq\jsonapi_httpsrv\qqclient.py 321 
 	{u'retcode': 102, u'errmsg': u''}

[2015-09-16 13:01:20]: INFO D:\Documents\Program\PythonApplication\qq\jsonapi_httpsrv\qqclient.py 321 
 	{u'retcode': 102, u'errmsg': u''}

[2015-09-16 13:02:20]: INFO D:\Documents\Program\PythonApplication\qq\jsonapi_httpsrv\qqclient.py 321 
 	{u'retcode': 102, u'errmsg': u''}

[2015-09-16 13:03:20]: INFO D:\Documents\Program\PythonApplication\qq\jsonapi_httpsrv\qqclient.py 321 
 	{u'retcode': 102, u'errmsg': u''}

[2015-09-16 13:04:20]: INFO D:\Documents\Program\PythonApplication\qq\jsonapi_httpsrv\qqclient.py 321 
 	{u'retcode': 102, u'errmsg': u''}

[2015-09-16 13:05:20]: INFO D:\Documents\Program\PythonApplication\qq\jsonapi_httpsrv\qqclient.py 321 
 	{u'retcode': 102, u'errmsg': u''}

[2015-09-16 13:06:21]: INFO D:\Documents\Program\PythonApplication\qq\jsonapi_httpsrv\qqclient.py 321 
 	{u'retcode': 102, u'errmsg': u''}

[2015-09-16 13:07:21]: INFO D:\Documents\Program\PythonApplication\qq\jsonapi_httpsrv\qqclient.py 321 
 	{u'retcode': 102, u'errmsg': u''}

[2015-09-16 13:08:21]: INFO D:\Documents\Program\PythonApplication\qq\jsonapi_httpsrv\qqclient.py 321 
 	{u'retcode': 102, u'errmsg': u''}

[2015-09-16 13:09:21]: INFO D:\Documents\Program\PythonApplication\qq\jsonapi_httpsrv\qqclient.py 321 
 	{u'retcode': 102, u'errmsg': u''}

[2015-09-16 13:10:21]: INFO D:\Documents\Program\PythonApplication\qq\jsonapi_httpsrv\qqclient.py 321 
 	{u'retcode': 102, u'errmsg': u''}

[2015-09-16 13:11:21]: INFO D:\Documents\Program\PythonApplication\qq\jsonapi_httpsrv\qqclient.py 321 
 	{u'retcode': 102, u'errmsg': u''}

[2015-09-16 13:12:21]: INFO D:\Documents\Program\PythonApplication\qq\jsonapi_httpsrv\qqclient.py 321 
 	{u'retcode': 102, u'errmsg': u''}

[2015-09-16 13:13:21]: INFO D:\Documents\Program\PythonApplication\qq\jsonapi_httpsrv\qqclient.py 321 
 	{u'retcode': 102, u'errmsg': u''}

[2015-09-16 13:14:21]: INFO D:\Documents\Program\PythonApplication\qq\jsonapi_httpsrv\qqclient.py 321 
 	{u'retcode': 102, u'errmsg': u''}

[2015-09-16 13:15:21]: INFO D:\Documents\Program\PythonApplication\qq\jsonapi_httpsrv\qqclient.py 321 
 	{u'retcode': 102, u'errmsg': u''}

[2015-09-16 13:16:22]: INFO D:\Documents\Program\PythonApplication\qq\jsonapi_httpsrv\qqclient.py 321 
 	{u'retcode': 102, u'errmsg': u''}

[2015-09-16 13:16:22]: INFO D:\Documents\Program\PythonApplication\qq\jsonapi_httpsrv\qqclient.py 321 
 	{u'p': u'6abc76862c0fa86f9430210338a34ee430d543742d167c86', u'retcode': 116}

[2015-09-16 13:17:22]: INFO D:\Documents\Program\PythonApplication\qq\jsonapi_httpsrv\qqclient.py 321 
 	{u'retcode': 102, u'errmsg': u''}

[2015-09-16 13:18:22]: INFO D:\Documents\Program\PythonApplication\qq\jsonapi_httpsrv\qqclient.py 321 
 	{u'retcode': 102, u'errmsg': u''}

[2015-09-16 13:19:22]: INFO D:\Documents\Program\PythonApplication\qq\jsonapi_httpsrv\qqclient.py 321 
 	{u'retcode': 102, u'errmsg': u''}

[2015-09-16 13:20:22]: INFO D:\Documents\Program\PythonApplication\qq\jsonapi_httpsrv\qqclient.py 321 
 	{u'retcode': 102, u'errmsg': u''}

[2015-09-16 13:21:22]: INFO D:\Documents\Program\PythonApplication\qq\jsonapi_httpsrv\qqclient.py 321 
 	{u'retcode': 102, u'errmsg': u''}

[2015-09-16 13:22:22]: INFO D:\Documents\Program\PythonApplication\qq\jsonapi_httpsrv\qqclient.py 321 
 	{u'retcode': 102, u'errmsg': u''}

[2015-09-16 13:23:22]: INFO D:\Documents\Program\PythonApplication\qq\jsonapi_httpsrv\qqclient.py 321 
 	{u'retcode': 102, u'errmsg': u''}

[2015-09-16 13:24:22]: INFO D:\Documents\Program\PythonApplication\qq\jsonapi_httpsrv\qqclient.py 321 
 	{u'retcode': 102, u'errmsg': u''}

[2015-09-16 13:25:23]: INFO D:\Documents\Program\PythonApplication\qq\jsonapi_httpsrv\qqclient.py 321 
 	{u'retcode': 102, u'errmsg': u''}

[2015-09-16 13:26:23]: INFO D:\Documents\Program\PythonApplication\qq\jsonapi_httpsrv\qqclient.py 321 
 	{u'retcode': 102, u'errmsg': u''}

[2015-09-16 13:27:23]: INFO D:\Documents\Program\PythonApplication\qq\jsonapi_httpsrv\qqclient.py 321 
 	{u'retcode': 102, u'errmsg': u''}

[2015-09-16 13:28:24]: INFO D:\Documents\Program\PythonApplication\qq\jsonapi_httpsrv\qqclient.py 321 
 	{u'retcode': 102, u'errmsg': u''}

[2015-09-16 13:29:24]: INFO D:\Documents\Program\PythonApplication\qq\jsonapi_httpsrv\qqclient.py 321 
 	{u'retcode': 102, u'errmsg': u''}

[2015-09-16 13:30:24]: INFO D:\Documents\Program\PythonApplication\qq\jsonapi_httpsrv\qqclient.py 321 
 	{u'retcode': 102, u'errmsg': u''}

[2015-09-16 13:31:24]: INFO D:\Documents\Program\PythonApplication\qq\jsonapi_httpsrv\qqclient.py 321 
 	{u'retcode': 102, u'errmsg': u''}

[2015-09-16 13:32:24]: INFO D:\Documents\Program\PythonApplication\qq\jsonapi_httpsrv\qqclient.py 321 
 	{u'retcode': 102, u'errmsg': u''}

[2015-09-16 13:33:24]: INFO D:\Documents\Program\PythonApplication\qq\jsonapi_httpsrv\qqclient.py 321 
 	{u'retcode': 102, u'errmsg': u''}

[2015-09-16 13:34:25]: INFO D:\Documents\Program\PythonApplication\qq\jsonapi_httpsrv\qqclient.py 321 
 	{u'retcode': 102, u'errmsg': u''}

[2015-09-16 13:35:25]: INFO D:\Documents\Program\PythonApplication\qq\jsonapi_httpsrv\qqclient.py 321 
 	{u'retcode': 102, u'errmsg': u''}

[2015-09-16 13:36:25]: INFO D:\Documents\Program\PythonApplication\qq\jsonapi_httpsrv\qqclient.py 321 
 	{u'retcode': 102, u'errmsg': u''}

[2015-09-16 13:36:25]: INFO D:\Documents\Program\PythonApplication\qq\jsonapi_httpsrv\qqclient.py 321 
 	{u'p': u'214a145b60dd3358ddb809c9b90bb89ac8d620df9f0a441c', u'retcode': 116}

[2015-09-16 13:37:25]: INFO D:\Documents\Program\PythonApplication\qq\jsonapi_httpsrv\qqclient.py 321 
 	{u'retcode': 102, u'errmsg': u''}

[2015-09-16 13:38:25]: INFO D:\Documents\Program\PythonApplication\qq\jsonapi_httpsrv\qqclient.py 321 
 	{u'retcode': 102, u'errmsg': u''}

[2015-09-16 13:39:25]: INFO D:\Documents\Program\PythonApplication\qq\jsonapi_httpsrv\qqclient.py 321 
 	{u'retcode': 102, u'errmsg': u''}

[2015-09-16 13:40:25]: INFO D:\Documents\Program\PythonApplication\qq\jsonapi_httpsrv\qqclient.py 321 
 	{u'retcode': 102, u'errmsg': u''}

[2015-09-16 13:40:51]: INFO D:\Documents\Program\PythonApplication\qq\jsonapi_httpsrv\qqclient.py 321 
 	{u'retcode': 0, u'result': [{u'poll_type': u'buddies_status_change', u'value': {u'status': u'away', u'client_type': 1, u'uin': 1455315074}}]}

[2015-09-16 13:40:52]: INFO D:\Documents\Program\PythonApplication\qq\jsonapi_httpsrv\qqclient.py 321 
 	{u'retcode': 0, u'result': [{u'poll_type': u'buddies_status_change', u'value': {u'status': u'away', u'client_type': 1, u'uin': 3003723116L}}]}

[2015-09-16 13:41:52]: INFO D:\Documents\Program\PythonApplication\qq\jsonapi_httpsrv\qqclient.py 321 
 	{u'retcode': 102, u'errmsg': u''}

[2015-09-16 13:42:52]: INFO D:\Documents\Program\PythonApplication\qq\jsonapi_httpsrv\qqclient.py 321 
 	{u'retcode': 102, u'errmsg': u''}

[2015-09-16 13:43:52]: INFO D:\Documents\Program\PythonApplication\qq\jsonapi_httpsrv\qqclient.py 321 
 	{u'retcode': 102, u'errmsg': u''}

[2015-09-16 13:44:52]: INFO D:\Documents\Program\PythonApplication\qq\jsonapi_httpsrv\qqclient.py 321 
 	{u'retcode': 102, u'errmsg': u''}

[2015-09-16 13:45:52]: INFO D:\Documents\Program\PythonApplication\qq\jsonapi_httpsrv\qqclient.py 321 
 	{u'retcode': 102, u'errmsg': u''}

[2015-09-16 13:46:52]: INFO D:\Documents\Program\PythonApplication\qq\jsonapi_httpsrv\qqclient.py 321 
 	{u'retcode': 102, u'errmsg': u''}

[2015-09-16 13:47:53]: INFO D:\Documents\Program\PythonApplication\qq\jsonapi_httpsrv\qqclient.py 321 
 	{u'retcode': 102, u'errmsg': u''}

[2015-09-16 13:48:53]: INFO D:\Documents\Program\PythonApplication\qq\jsonapi_httpsrv\qqclient.py 321 
 	{u'retcode': 102, u'errmsg': u''}

[2015-09-16 13:49:36]: INFO D:\Documents\Program\PythonApplication\qq\jsonapi_httpsrv\qqclient.py 321 
 	{u'retcode': 0, u'result': [{u'poll_type': u'buddies_status_change', u'value': {u'status': u'online', u'client_type': 4, u'uin': 3003723116L}}]}

[2015-09-16 13:49:41]: INFO D:\Documents\Program\PythonApplication\qq\jsonapi_httpsrv\qqclient.py 321 
 	{u'retcode': 0, u'result': [{u'poll_type': u'group_message', u'value': {u'reply_ip': 176756639, u'group_code': 920202396, u'seq': 3327, u'msg_type': 43, u'send_uin': 3003723116L, u'info_seq': 164461995, u'msg_id': 16221, u'content': [[u'font', {u'color': u'000000', u'style': [0, 0, 0], u'name': u'\u5b8b\u4f53', u'size': 10}], u'http://m.jd.com/product/1815656.html '], u'msg_id2': 138943, u'from_uin': 4240532571L, u'time': 1442382582, u'to_uin': 1770618526}}]}

[2015-09-16 13:50:42]: INFO D:\Documents\Program\PythonApplication\qq\jsonapi_httpsrv\qqclient.py 321 
 	{u'retcode': 102, u'errmsg': u''}

[2015-09-16 13:51:42]: INFO D:\Documents\Program\PythonApplication\qq\jsonapi_httpsrv\qqclient.py 321 
 	{u'retcode': 102, u'errmsg': u''}

[2015-09-16 13:52:29]: INFO D:\Documents\Program\PythonApplication\qq\jsonapi_httpsrv\qqclient.py 321 
 	{u'retcode': 0, u'result': [{u'poll_type': u'buddies_status_change', u'value': {u'status': u'online', u'client_type': 4, u'uin': 3003723116L}}]}

[2015-09-16 13:53:29]: INFO D:\Documents\Program\PythonApplication\qq\jsonapi_httpsrv\qqclient.py 321 
 	{u'retcode': 102, u'errmsg': u''}

[2015-09-16 13:54:29]: INFO D:\Documents\Program\PythonApplication\qq\jsonapi_httpsrv\qqclient.py 321 
 	{u'retcode': 102, u'errmsg': u''}

[2015-09-16 13:55:29]: INFO D:\Documents\Program\PythonApplication\qq\jsonapi_httpsrv\qqclient.py 321 
 	{u'retcode': 102, u'errmsg': u''}

[2015-09-16 13:56:29]: INFO D:\Documents\Program\PythonApplication\qq\jsonapi_httpsrv\qqclient.py 321 
 	{u'retcode': 102, u'errmsg': u''}

[2015-09-16 13:56:29]: INFO D:\Documents\Program\PythonApplication\qq\jsonapi_httpsrv\qqclient.py 321 
 	{u'p': u'cf11fc807e46f6da4f3ac817d69dade09f67dfdc607ac9c4', u'retcode': 116}

[2015-09-16 13:57:17]: INFO D:\Documents\Program\PythonApplication\qq\jsonapi_httpsrv\qqclient.py 321 
 	{u'retcode': 0, u'result': [{u'poll_type': u'buddies_status_change', u'value': {u'status': u'online', u'client_type': 4, u'uin': 3003723116L}}]}

[2015-09-16 13:58:18]: INFO D:\Documents\Program\PythonApplication\qq\jsonapi_httpsrv\qqclient.py 321 
 	{u'retcode': 102, u'errmsg': u''}

[2015-09-16 13:59:18]: INFO D:\Documents\Program\PythonApplication\qq\jsonapi_httpsrv\qqclient.py 321 
 	{u'retcode': 102, u'errmsg': u''}

[2015-09-16 14:00:17]: INFO D:\Documents\Program\PythonApplication\qq\jsonapi_httpsrv\qqclient.py 321 
 	{u'retcode': 0, u'result': [{u'poll_type': u'buddies_status_change', u'value': {u'status': u'online', u'client_type': 4, u'uin': 3003723116L}}]}

[2015-09-16 14:01:17]: INFO D:\Documents\Program\PythonApplication\qq\jsonapi_httpsrv\qqclient.py 321 
 	{u'retcode': 102, u'errmsg': u''}

[2015-09-16 14:02:18]: INFO D:\Documents\Program\PythonApplication\qq\jsonapi_httpsrv\qqclient.py 321 
 	{u'retcode': 102, u'errmsg': u''}

[2015-09-16 14:02:55]: INFO D:\Documents\Program\PythonApplication\qq\jsonapi_httpsrv\qqclient.py 321 
 	{u'retcode': 0, u'result': [{u'poll_type': u'buddies_status_change', u'value': {u'status': u'online', u'client_type': 4, u'uin': 3003723116L}}]}

[2015-09-16 14:03:55]: INFO D:\Documents\Program\PythonApplication\qq\jsonapi_httpsrv\qqclient.py 321 
 	{u'retcode': 102, u'errmsg': u''}

[2015-09-16 14:04:55]: INFO D:\Documents\Program\PythonApplication\qq\jsonapi_httpsrv\qqclient.py 321 
 	{u'retcode': 102, u'errmsg': u''}

[2015-09-16 14:05:56]: INFO D:\Documents\Program\PythonApplication\qq\jsonapi_httpsrv\qqclient.py 321 
 	{u'retcode': 102, u'errmsg': u''}

[2015-09-16 14:06:56]: INFO D:\Documents\Program\PythonApplication\qq\jsonapi_httpsrv\qqclient.py 321 
 	{u'retcode': 102, u'errmsg': u''}

[2015-09-16 14:07:06]: INFO D:\Documents\Program\PythonApplication\qq\jsonapi_httpsrv\qqclient.py 321 
 	{u'retcode': 0, u'result': [{u'poll_type': u'buddies_status_change', u'value': {u'status': u'online', u'client_type': 4, u'uin': 3003723116L}}]}

[2015-09-16 14:08:06]: INFO D:\Documents\Program\PythonApplication\qq\jsonapi_httpsrv\qqclient.py 321 
 	{u'retcode': 102, u'errmsg': u''}

[2015-09-16 14:08:28]: INFO D:\Documents\Program\PythonApplication\qq\jsonapi_httpsrv\qqclient.py 321 
 	{u'retcode': 0, u'result': [{u'poll_type': u'buddies_status_change', u'value': {u'status': u'online', u'client_type': 4, u'uin': 3003723116L}}]}

[2015-09-16 14:09:28]: INFO D:\Documents\Program\PythonApplication\qq\jsonapi_httpsrv\qqclient.py 321 
 	{u'retcode': 102, u'errmsg': u''}

[2015-09-16 14:10:29]: INFO D:\Documents\Program\PythonApplication\qq\jsonapi_httpsrv\qqclient.py 321 
 	{u'retcode': 102, u'errmsg': u''}

[2015-09-16 14:11:29]: INFO D:\Documents\Program\PythonApplication\qq\jsonapi_httpsrv\qqclient.py 321 
 	{u'retcode': 102, u'errmsg': u''}

[2015-09-16 14:12:25]: INFO D:\Documents\Program\PythonApplication\qq\jsonapi_httpsrv\qqclient.py 321 
 	{u'retcode': 0, u'result': [{u'poll_type': u'buddies_status_change', u'value': {u'status': u'online', u'client_type': 4, u'uin': 3003723116L}}]}

[2015-09-16 14:12:53]: INFO D:\Documents\Program\PythonApplication\qq\jsonapi_httpsrv\qqclient.py 321 
 	{u'retcode': 0, u'result': [{u'poll_type': u'buddies_status_change', u'value': {u'status': u'online', u'client_type': 4, u'uin': 3003723116L}}]}

[2015-09-16 14:12:54]: INFO D:\Documents\Program\PythonApplication\qq\jsonapi_httpsrv\qqclient.py 321 
 	{u'retcode': 0, u'result': [{u'poll_type': u'buddies_status_change', u'value': {u'status': u'online', u'client_type': 4, u'uin': 3003723116L}}]}

[2015-09-16 14:13:46]: INFO D:\Documents\Program\PythonApplication\qq\jsonapi_httpsrv\qqclient.py 321 
 	{u'retcode': 0, u'result': [{u'poll_type': u'buddies_status_change', u'value': {u'status': u'online', u'client_type': 4, u'uin': 3003723116L}}]}

[2015-09-16 14:14:35]: INFO D:\Documents\Program\PythonApplication\qq\jsonapi_httpsrv\qqclient.py 321 
 	{u'retcode': 0, u'result': [{u'poll_type': u'buddies_status_change', u'value': {u'status': u'online', u'client_type': 4, u'uin': 3003723116L}}]}

[2015-09-16 14:15:14]: INFO D:\Documents\Program\PythonApplication\qq\jsonapi_httpsrv\qqclient.py 321 
 	{u'retcode': 0, u'result': [{u'poll_type': u'buddies_status_change', u'value': {u'status': u'online', u'client_type': 4, u'uin': 3003723116L}}]}

[2015-09-16 14:16:14]: INFO D:\Documents\Program\PythonApplication\qq\jsonapi_httpsrv\qqclient.py 321 
 	{u'retcode': 102, u'errmsg': u''}

[2015-09-16 14:16:18]: INFO D:\Documents\Program\PythonApplication\qq\jsonapi_httpsrv\qqclient.py 321 
 	{u'retcode': 0, u'result': [{u'poll_type': u'buddies_status_change', u'value': {u'status': u'online', u'client_type': 4, u'uin': 3003723116L}}]}

[2015-09-16 14:16:23]: INFO D:\Documents\Program\PythonApplication\qq\jsonapi_httpsrv\qqclient.py 321 
 	{u'retcode': 0, u'result': [{u'poll_type': u'buddies_status_change', u'value': {u'status': u'online', u'client_type': 4, u'uin': 3003723116L}}]}

[2015-09-16 14:16:32]: INFO D:\Documents\Program\PythonApplication\qq\jsonapi_httpsrv\qqclient.py 321 
 	{u'retcode': 0, u'result': [{u'poll_type': u'buddies_status_change', u'value': {u'status': u'online', u'client_type': 4, u'uin': 3003723116L}}]}

[2015-09-16 14:16:32]: INFO D:\Documents\Program\PythonApplication\qq\jsonapi_httpsrv\qqclient.py 321 
 	{u'p': u'81a35e4abd6314578a404d725241a4a934dd1b85e6bafff1', u'retcode': 116}

[2015-09-16 14:17:33]: INFO D:\Documents\Program\PythonApplication\qq\jsonapi_httpsrv\qqclient.py 321 
 	{u'retcode': 102, u'errmsg': u''}

[2015-09-16 14:18:33]: INFO D:\Documents\Program\PythonApplication\qq\jsonapi_httpsrv\qqclient.py 321 
 	{u'retcode': 102, u'errmsg': u''}

[2015-09-16 14:19:33]: INFO D:\Documents\Program\PythonApplication\qq\jsonapi_httpsrv\qqclient.py 321 
 	{u'retcode': 102, u'errmsg': u''}

[2015-09-16 14:20:05]: INFO D:\Documents\Program\PythonApplication\qq\jsonapi_httpsrv\qqclient.py 321 
 	{u'retcode': 0, u'result': [{u'poll_type': u'buddies_status_change', u'value': {u'status': u'online', u'client_type': 4, u'uin': 3003723116L}}]}

[2015-09-16 14:20:20]: INFO D:\Documents\Program\PythonApplication\qq\jsonapi_httpsrv\qqclient.py 321 
 	{u'retcode': 0, u'result': [{u'poll_type': u'buddies_status_change', u'value': {u'status': u'online', u'client_type': 1, u'uin': 1455315074}}]}

[2015-09-16 14:20:20]: INFO D:\Documents\Program\PythonApplication\qq\jsonapi_httpsrv\qqclient.py 321 
 	{u'retcode': 0, u'result': [{u'poll_type': u'buddies_status_change', u'value': {u'status': u'online', u'client_type': 1, u'uin': 3003723116L}}]}

[2015-09-16 14:21:21]: INFO D:\Documents\Program\PythonApplication\qq\jsonapi_httpsrv\qqclient.py 321 
 	{u'retcode': 102, u'errmsg': u''}

[2015-09-16 14:22:21]: INFO D:\Documents\Program\PythonApplication\qq\jsonapi_httpsrv\qqclient.py 321 
 	{u'retcode': 102, u'errmsg': u''}

[2015-09-16 14:22:23]: INFO D:\Documents\Program\PythonApplication\qq\jsonapi_httpsrv\qqclient.py 321 
 	{u'retcode': 0, u'result': [{u'poll_type': u'buddies_status_change', u'value': {u'status': u'busy', u'client_type': 1, u'uin': 1455315074}}]}

[2015-09-16 14:22:25]: INFO D:\Documents\Program\PythonApplication\qq\jsonapi_httpsrv\qqclient.py 321 
 	{u'retcode': 0, u'result': [{u'poll_type': u'buddies_status_change', u'value': {u'status': u'busy', u'client_type': 1, u'uin': 3003723116L}}]}

[2015-09-16 14:23:26]: INFO D:\Documents\Program\PythonApplication\qq\jsonapi_httpsrv\qqclient.py 321 
 	{u'retcode': 102, u'errmsg': u''}

[2015-09-16 14:23:38]: INFO D:\Documents\Program\PythonApplication\qq\jsonapi_httpsrv\qqclient.py 321 
 	{u'retcode': 0, u'result': [{u'poll_type': u'buddies_status_change', u'value': {u'status': u'online', u'client_type': 4, u'uin': 3003723116L}}]}

[2015-09-16 14:23:52]: INFO D:\Documents\Program\PythonApplication\qq\jsonapi_httpsrv\qqclient.py 321 
 	{u'retcode': 0, u'result': [{u'poll_type': u'buddies_status_change', u'value': {u'status': u'online', u'client_type': 4, u'uin': 3003723116L}}]}

[2015-09-16 14:23:55]: INFO D:\Documents\Program\PythonApplication\qq\jsonapi_httpsrv\qqclient.py 321 
 	{u'retcode': 0, u'result': [{u'poll_type': u'buddies_status_change', u'value': {u'status': u'online', u'client_type': 4, u'uin': 3003723116L}}]}

[2015-09-16 14:24:55]: INFO D:\Documents\Program\PythonApplication\qq\jsonapi_httpsrv\qqclient.py 321 
 	{u'retcode': 102, u'errmsg': u''}

[2015-09-16 14:25:55]: INFO D:\Documents\Program\PythonApplication\qq\jsonapi_httpsrv\qqclient.py 321 
 	{u'retcode': 102, u'errmsg': u''}

[2015-09-16 14:26:11]: INFO D:\Documents\Program\PythonApplication\qq\jsonapi_httpsrv\qqclient.py 321 
 	{u'retcode': 0, u'result': [{u'poll_type': u'buddies_status_change', u'value': {u'status': u'online', u'client_type': 4, u'uin': 3003723116L}}]}

[2015-09-16 14:27:11]: INFO D:\Documents\Program\PythonApplication\qq\jsonapi_httpsrv\qqclient.py 321 
 	{u'retcode': 102, u'errmsg': u''}

[2015-09-16 14:28:11]: INFO D:\Documents\Program\PythonApplication\qq\jsonapi_httpsrv\qqclient.py 321 
 	{u'retcode': 102, u'errmsg': u''}

[2015-09-16 14:29:12]: INFO D:\Documents\Program\PythonApplication\qq\jsonapi_httpsrv\qqclient.py 321 
 	{u'retcode': 102, u'errmsg': u''}

[2015-09-16 14:30:12]: INFO D:\Documents\Program\PythonApplication\qq\jsonapi_httpsrv\qqclient.py 321 
 	{u'retcode': 102, u'errmsg': u''}

[2015-09-16 14:31:12]: INFO D:\Documents\Program\PythonApplication\qq\jsonapi_httpsrv\qqclient.py 321 
 	{u'retcode': 102, u'errmsg': u''}

[2015-09-16 14:32:12]: INFO D:\Documents\Program\PythonApplication\qq\jsonapi_httpsrv\qqclient.py 321 
 	{u'retcode': 102, u'errmsg': u''}

[2015-09-16 14:33:12]: INFO D:\Documents\Program\PythonApplication\qq\jsonapi_httpsrv\qqclient.py 321 
 	{u'retcode': 102, u'errmsg': u''}

[2015-09-16 14:34:12]: INFO D:\Documents\Program\PythonApplication\qq\jsonapi_httpsrv\qqclient.py 321 
 	{u'retcode': 102, u'errmsg': u''}

[2015-09-16 14:35:12]: INFO D:\Documents\Program\PythonApplication\qq\jsonapi_httpsrv\qqclient.py 321 
 	{u'retcode': 102, u'errmsg': u''}

[2015-09-16 14:36:13]: INFO D:\Documents\Program\PythonApplication\qq\jsonapi_httpsrv\qqclient.py 321 
 	{u'retcode': 102, u'errmsg': u''}

[2015-09-16 14:37:13]: INFO D:\Documents\Program\PythonApplication\qq\jsonapi_httpsrv\qqclient.py 321 
 	{u'retcode': 102, u'errmsg': u''}

[2015-09-16 14:37:13]: INFO D:\Documents\Program\PythonApplication\qq\jsonapi_httpsrv\qqclient.py 321 
 	{u'p': u'773493dc8706e8a44f9ed37f6d291121cfcc184a92af8fd1', u'retcode': 116}

[2015-09-16 14:38:16]: INFO D:\Documents\Program\PythonApplication\qq\jsonapi_httpsrv\qqclient.py 321 
 	{u'retcode': 102, u'errmsg': u''}

[2015-09-16 14:39:16]: INFO D:\Documents\Program\PythonApplication\qq\jsonapi_httpsrv\qqclient.py 321 
 	{u'retcode': 102, u'errmsg': u''}

[2015-09-16 14:40:16]: INFO D:\Documents\Program\PythonApplication\qq\jsonapi_httpsrv\qqclient.py 321 
 	{u'retcode': 102, u'errmsg': u''}

[2015-09-16 14:41:16]: INFO D:\Documents\Program\PythonApplication\qq\jsonapi_httpsrv\qqclient.py 321 
 	{u'retcode': 102, u'errmsg': u''}

[2015-09-16 14:42:16]: INFO D:\Documents\Program\PythonApplication\qq\jsonapi_httpsrv\qqclient.py 321 
 	{u'retcode': 102, u'errmsg': u''}

[2015-09-16 14:43:23]: INFO D:\Documents\Program\PythonApplication\qq\jsonapi_httpsrv\qqclient.py 321 
 	{u'retcode': 102, u'errmsg': u''}

[2015-09-16 14:44:26]: INFO D:\Documents\Program\PythonApplication\qq\jsonapi_httpsrv\qqclient.py 321 
 	{u'retcode': 102, u'errmsg': u''}

[2015-09-16 14:45:26]: INFO D:\Documents\Program\PythonApplication\qq\jsonapi_httpsrv\qqclient.py 321 
 	{u'retcode': 102, u'errmsg': u''}

[2015-09-16 14:46:28]: INFO D:\Documents\Program\PythonApplication\qq\jsonapi_httpsrv\qqclient.py 321 
 	{u'retcode': 102, u'errmsg': u''}

[2015-09-16 14:47:28]: INFO D:\Documents\Program\PythonApplication\qq\jsonapi_httpsrv\qqclient.py 321 
 	{u'retcode': 102, u'errmsg': u''}

[2015-09-16 14:48:28]: INFO D:\Documents\Program\PythonApplication\qq\jsonapi_httpsrv\qqclient.py 321 
 	{u'retcode': 102, u'errmsg': u''}

[2015-09-16 14:49:29]: INFO D:\Documents\Program\PythonApplication\qq\jsonapi_httpsrv\qqclient.py 321 
 	{u'retcode': 102, u'errmsg': u''}

[2015-09-16 14:50:29]: INFO D:\Documents\Program\PythonApplication\qq\jsonapi_httpsrv\qqclient.py 321 
 	{u'retcode': 102, u'errmsg': u''}

[2015-09-16 14:51:29]: INFO D:\Documents\Program\PythonApplication\qq\jsonapi_httpsrv\qqclient.py 321 
 	{u'retcode': 102, u'errmsg': u''}

[2015-09-16 14:52:29]: INFO D:\Documents\Program\PythonApplication\qq\jsonapi_httpsrv\qqclient.py 321 
 	{u'retcode': 102, u'errmsg': u''}

[2015-09-16 14:53:29]: INFO D:\Documents\Program\PythonApplication\qq\jsonapi_httpsrv\qqclient.py 321 
 	{u'retcode': 102, u'errmsg': u''}

[2015-09-16 14:54:29]: INFO D:\Documents\Program\PythonApplication\qq\jsonapi_httpsrv\qqclient.py 321 
 	{u'retcode': 102, u'errmsg': u''}

[2015-09-16 14:55:29]: INFO D:\Documents\Program\PythonApplication\qq\jsonapi_httpsrv\qqclient.py 321 
 	{u'retcode': 102, u'errmsg': u''}

[2015-09-16 14:56:29]: INFO D:\Documents\Program\PythonApplication\qq\jsonapi_httpsrv\qqclient.py 321 
 	{u'retcode': 102, u'errmsg': u''}

[2015-09-16 14:57:29]: INFO D:\Documents\Program\PythonApplication\qq\jsonapi_httpsrv\qqclient.py 321 
 	{u'retcode': 102, u'errmsg': u''}

[2015-09-16 14:57:30]: INFO D:\Documents\Program\PythonApplication\qq\jsonapi_httpsrv\qqclient.py 321 
 	{u'p': u'fbfc9c204fdb32b0e3829254261ab039fdc9b6c36b819b40', u'retcode': 116}

[2015-09-16 14:58:30]: INFO D:\Documents\Program\PythonApplication\qq\jsonapi_httpsrv\qqclient.py 321 
 	{u'retcode': 102, u'errmsg': u''}

[2015-09-16 14:59:30]: INFO D:\Documents\Program\PythonApplication\qq\jsonapi_httpsrv\qqclient.py 321 
 	{u'retcode': 102, u'errmsg': u''}

[2015-09-16 15:00:30]: INFO D:\Documents\Program\PythonApplication\qq\jsonapi_httpsrv\qqclient.py 321 
 	{u'retcode': 102, u'errmsg': u''}

[2015-09-16 15:01:30]: INFO D:\Documents\Program\PythonApplication\qq\jsonapi_httpsrv\qqclient.py 321 
 	{u'retcode': 102, u'errmsg': u''}

[2015-09-16 15:02:30]: INFO D:\Documents\Program\PythonApplication\qq\jsonapi_httpsrv\qqclient.py 321 
 	{u'retcode': 102, u'errmsg': u''}

[2015-09-16 15:03:30]: INFO D:\Documents\Program\PythonApplication\qq\jsonapi_httpsrv\qqclient.py 321 
 	{u'retcode': 102, u'errmsg': u''}

[2015-09-16 15:04:30]: INFO D:\Documents\Program\PythonApplication\qq\jsonapi_httpsrv\qqclient.py 321 
 	{u'retcode': 102, u'errmsg': u''}

[2015-09-16 15:05:31]: INFO D:\Documents\Program\PythonApplication\qq\jsonapi_httpsrv\qqclient.py 321 
 	{u'retcode': 102, u'errmsg': u''}

[2015-09-16 15:06:31]: INFO D:\Documents\Program\PythonApplication\qq\jsonapi_httpsrv\qqclient.py 321 
 	{u'retcode': 102, u'errmsg': u''}

[2015-09-16 15:07:31]: INFO D:\Documents\Program\PythonApplication\qq\jsonapi_httpsrv\qqclient.py 321 
 	{u'retcode': 102, u'errmsg': u''}

[2015-09-16 15:08:31]: INFO D:\Documents\Program\PythonApplication\qq\jsonapi_httpsrv\qqclient.py 321 
 	{u'retcode': 102, u'errmsg': u''}

[2015-09-16 15:09:31]: INFO D:\Documents\Program\PythonApplication\qq\jsonapi_httpsrv\qqclient.py 321 
 	{u'retcode': 102, u'errmsg': u''}

[2015-09-16 15:10:31]: INFO D:\Documents\Program\PythonApplication\qq\jsonapi_httpsrv\qqclient.py 321 
 	{u'retcode': 102, u'errmsg': u''}

[2015-09-16 15:11:31]: INFO D:\Documents\Program\PythonApplication\qq\jsonapi_httpsrv\qqclient.py 321 
 	{u'retcode': 102, u'errmsg': u''}

[2015-09-16 15:12:31]: INFO D:\Documents\Program\PythonApplication\qq\jsonapi_httpsrv\qqclient.py 321 
 	{u'retcode': 102, u'errmsg': u''}

[2015-09-16 15:13:31]: INFO D:\Documents\Program\PythonApplication\qq\jsonapi_httpsrv\qqclient.py 321 
 	{u'retcode': 102, u'errmsg': u''}

[2015-09-16 15:14:32]: INFO D:\Documents\Program\PythonApplication\qq\jsonapi_httpsrv\qqclient.py 321 
 	{u'retcode': 102, u'errmsg': u''}

[2015-09-16 15:15:32]: INFO D:\Documents\Program\PythonApplication\qq\jsonapi_httpsrv\qqclient.py 321 
 	{u'retcode': 102, u'errmsg': u''}

[2015-09-16 15:16:32]: INFO D:\Documents\Program\PythonApplication\qq\jsonapi_httpsrv\qqclient.py 321 
 	{u'retcode': 102, u'errmsg': u''}

[2015-09-16 15:17:32]: INFO D:\Documents\Program\PythonApplication\qq\jsonapi_httpsrv\qqclient.py 321 
 	{u'retcode': 102, u'errmsg': u''}

[2015-09-16 15:17:32]: INFO D:\Documents\Program\PythonApplication\qq\jsonapi_httpsrv\qqclient.py 321 
 	{u'p': u'f427768fc4628da156a69296e5032edc24a40f27e3792228', u'retcode': 116}

[2015-09-16 15:18:32]: INFO D:\Documents\Program\PythonApplication\qq\jsonapi_httpsrv\qqclient.py 321 
 	{u'retcode': 102, u'errmsg': u''}

[2015-09-16 15:19:32]: INFO D:\Documents\Program\PythonApplication\qq\jsonapi_httpsrv\qqclient.py 321 
 	{u'retcode': 102, u'errmsg': u''}

[2015-09-16 15:20:32]: INFO D:\Documents\Program\PythonApplication\qq\jsonapi_httpsrv\qqclient.py 321 
 	{u'retcode': 102, u'errmsg': u''}

[2015-09-16 15:21:32]: INFO D:\Documents\Program\PythonApplication\qq\jsonapi_httpsrv\qqclient.py 321 
 	{u'retcode': 102, u'errmsg': u''}

[2015-09-16 15:22:33]: INFO D:\Documents\Program\PythonApplication\qq\jsonapi_httpsrv\qqclient.py 321 
 	{u'retcode': 102, u'errmsg': u''}

[2015-09-16 15:23:33]: INFO D:\Documents\Program\PythonApplication\qq\jsonapi_httpsrv\qqclient.py 321 
 	{u'retcode': 102, u'errmsg': u''}

